app/build/outputs/logs/manifest-merger-debug-report.txt
-- Merging decision tree log ---
manifest
ADDED from src/main/AndroidManifest.xml:2:1-75:12
	package
		ADDED from src/main/AndroidManifest.xml:3:5-42
		INJECTED from src/main/AndroidManifest.xml
		INJECTED from src/main/AndroidManifest.xml
	android:versionName
		ADDED from src/main/AndroidManifest.xml:5:5-32
		INJECTED from src/main/AndroidManifest.xml
		INJECTED from src/main/AndroidManifest.xml
	android:versionCode
		ADDED from src/main/AndroidManifest.xml:4:5-30
		INJECTED from src/main/AndroidManifest.xml
		INJECTED from src/main/AndroidManifest.xml
	xmlns:android
		ADDED from src/main/AndroidManifest.xml:2:11-69
uses-sdk
ADDED from src/main/AndroidManifest.xml:7:5-9:41
	android:targetSdkVersion
		ADDED from src/main/AndroidManifest.xml:9:9-38
		INJECTED from src/main/AndroidManifest.xml
		INJECTED from src/main/AndroidManifest.xml
	android:minSdkVersion
		ADDED from src/main/AndroidManifest.xml:8:9-35
		INJECTED from src/main/AndroidManifest.xml
		INJECTED from src/main/AndroidManifest.xml
uses-permission#android.permission.ACCESS_COARSE_LOCATION
ADDED from src/main/AndroidManifest.xml:11:3-12:23
	android:name
		ADDED from src/main/AndroidManifest.xml:11:20-76
uses-permission#android.permission.ACCESS_FINE_LOCATION
ADDED from src/main/AndroidManifest.xml:13:5-14:23
	android:name
		ADDED from src/main/AndroidManifest.xml:13:22-76
uses-permission#android.permission.ACCESS_WIFI_STATE
ADDED from src/main/AndroidManifest.xml:15:5-16:23
	android:name
		ADDED from src/main/AndroidManifest.xml:15:22-73
uses-permission#android.permission.ACCESS_NETWORK_STATE
ADDED from src/main/AndroidManifest.xml:17:5-18:23
	android:name
		ADDED from src/main/AndroidManifest.xml:17:22-76
uses-permission#android.permission.CHANGE_WIFI_STATE
ADDED from src/main/AndroidManifest.xml:19:5-20:23
	android:name
		ADDED from src/main/AndroidManifest.xml:19:22-73
uses-permission#android.permission.READ_PHONE_STATE
ADDED from src/main/AndroidManifest.xml:21:5-22:23
	android:name
		ADDED from src/main/AndroidManifest.xml:21:22-72
uses-permission#android.permission.WRITE_EXTERNAL_STORAGE
ADDED from src/main/AndroidManifest.xml:23:5-24:23
	android:name
		ADDED from src/main/AndroidManifest.xml:23:22-78
uses-permission#android.permission.INTERNET
ADDED from src/main/AndroidManifest.xml:25:5-67
	android:name
		ADDED from src/main/AndroidManifest.xml:25:22-64
uses-permission#android.permission.MOUNT_UNMOUNT_FILESYSTEMS
ADDED from src/main/AndroidManifest.xml:26:5-27:23
	android:name
		ADDED from src/main/AndroidManifest.xml:26:22-81
uses-permission#android.permission.READ_LOGS
ADDED from src/main/AndroidManifest.xml:28:5-29:23
	android:name
		ADDED from src/main/AndroidManifest.xml:28:22-65
uses-permission#android.permission.VIBRATE
ADDED from src/main/AndroidManifest.xml:30:5-66
	android:name
		ADDED from src/main/AndroidManifest.xml:30:22-63
uses-permission#android.permission.WAKE_LOCK
ADDED from src/main/AndroidManifest.xml:31:5-68
	android:name
		ADDED from src/main/AndroidManifest.xml:31:22-65
uses-permission#android.permission.WRITE_SETTINGS
ADDED from src/main/AndroidManifest.xml:32:5-73
	android:name
		ADDED from src/main/AndroidManifest.xml:32:22-70
application
ADDED from src/main/AndroidManifest.xml:34:5-73:19
	android:label
		ADDED from src/main/AndroidManifest.xml:38:9-41
	android:allowBackup
		ADDED from src/main/AndroidManifest.xml:36:9-35
	android:icon
		ADDED from src/main/AndroidManifest.xml:37:9-45
	android:theme
		ADDED from src/main/AndroidManifest.xml:39:9-51
	android:name
		ADDED from src/main/AndroidManifest.xml:35:9-67
service#com.baidu.location.f
ADDED from src/main/AndroidManifest.xml:41:9-49:19
	android:enabled
		ADDED from src/main/AndroidManifest.xml:43:13-35
	android:process
		ADDED from src/main/AndroidManifest.xml:44:13-38
	android:name
		ADDED from src/main/AndroidManifest.xml:42:13-48
intent-filter#com.baidu.location.service_v2.2
ADDED from src/main/AndroidManifest.xml:45:13-48:29
action#com.baidu.location.service_v2.2
ADDED from src/main/AndroidManifest.xml:46:17-47:26
	android:name
		ADDED from src/main/AndroidManifest.xml:46:25-71
meta-data#com.baidu.lbsapi.API_KEY
ADDED from src/main/AndroidManifest.xml:50:17-52:64
	android:value
		ADDED from src/main/AndroidManifest.xml:52:13-61
	android:name
		ADDED from src/main/AndroidManifest.xml:51:13-52
activity#com.baidu.location.demo.MainActivity
ADDED from src/main/AndroidManifest.xml:55:9-63:20
	android:label
		ADDED from src/main/AndroidManifest.xml:57:13-45
	android:name
		ADDED from src/main/AndroidManifest.xml:56:13-64
intent-filter#android.intent.action.MAIN+android.intent.category.LAUNCHER
ADDED from src/main/AndroidManifest.xml:58:13-62:29
action#android.intent.action.MAIN
ADDED from src/main/AndroidManifest.xml:59:17-69
	android:name
		ADDED from src/main/AndroidManifest.xml:59:25-66
category#android.intent.category.LAUNCHER
ADDED from src/main/AndroidManifest.xml:61:17-77
	android:name
		ADDED from src/main/AndroidManifest.xml:61:27-74
activity#com.baidu.location.demo.LocationActivity
ADDED from src/main/AndroidManifest.xml:64:9-65:20
	android:name
		ADDED from src/main/AndroidManifest.xml:64:19-74
activity#com.baidu.location.demo.LocationOption
ADDED from src/main/AndroidManifest.xml:66:9-84
	android:name
		ADDED from src/main/AndroidManifest.xml:66:19-72
activity#com.baidu.location.demo.LocationFilter
ADDED from src/main/AndroidManifest.xml:67:9-84
	android:name
		ADDED from src/main/AndroidManifest.xml:67:19-72
activity#com.baidu.location.demo.NotifyActivity
ADDED from src/main/AndroidManifest.xml:68:9-84
	android:name
		ADDED from src/main/AndroidManifest.xml:68:19-72
activity#com.baidu.location.demo.QuestActivity
ADDED from src/main/AndroidManifest.xml:69:9-83
	android:name
		ADDED from src/main/AndroidManifest.xml:69:19-71
activity#com.baidu.location.demo.LocationAutoNotify
ADDED from src/main/AndroidManifest.xml:70:9-88
	android:name
		ADDED from src/main/AndroidManifest.xml:70:19-76
activity#com.baidu.location.demo.IndoorLocationActivity
ADDED from src/main/AndroidManifest.xml:71:9-92
	android:name
		ADDED from src/main/AndroidManifest.xml:71:19-80
activity#com.baidu.location.demo.IsHotWifiActivity
ADDED from src/main/AndroidManifest.xml:72:9-87
	android:name
		ADDED from src/main/AndroidManifest.xml:72:19-75